{"C:\\Users\\13496\\Desktop\\build-mini-vue3\\src\\reactivity\\effect.ts": {"path":"C:\\Users\\13496\\Desktop\\build-mini-vue3\\src\\reactivity\\effect.ts","statementMap":{"0":{"start":{"line":1,"column":35},"end":{"line":1,"column":39}},"1":{"start":{"line":5,"column":34},"end":{"line":5,"column":36}},"2":{"start":{"line":8,"column":8},"end":{"line":8,"column":21}},"3":{"start":{"line":12,"column":8},"end":{"line":12,"column":21}},"4":{"start":{"line":13,"column":8},"end":{"line":13,"column":27}},"5":{"start":{"line":15,"column":8},"end":{"line":15,"column":25}},"6":{"start":{"line":20,"column":4},"end":{"line":23,"column":5}},"7":{"start":{"line":20,"column":17},"end":{"line":20,"column":18}},"8":{"start":{"line":21,"column":21},"end":{"line":21,"column":37}},"9":{"start":{"line":22,"column":8},"end":{"line":22,"column":29}},"10":{"start":{"line":24,"column":4},"end":{"line":24,"column":28}},"11":{"start":{"line":27,"column":15},"end":{"line":27,"column":28}},"12":{"start":{"line":33,"column":4},"end":{"line":34,"column":14}},"13":{"start":{"line":34,"column":8},"end":{"line":34,"column":14}},"14":{"start":{"line":36,"column":18},"end":{"line":36,"column":36}},"15":{"start":{"line":37,"column":4},"end":{"line":40,"column":5}},"16":{"start":{"line":38,"column":8},"end":{"line":38,"column":56}},"17":{"start":{"line":39,"column":8},"end":{"line":39,"column":35}},"18":{"start":{"line":41,"column":36},"end":{"line":41,"column":52}},"19":{"start":{"line":42,"column":4},"end":{"line":45,"column":5}},"20":{"start":{"line":43,"column":8},"end":{"line":43,"column":24}},"21":{"start":{"line":44,"column":8},"end":{"line":44,"column":30}},"22":{"start":{"line":46,"column":4},"end":{"line":46,"column":26}},"23":{"start":{"line":47,"column":4},"end":{"line":47,"column":32}},"24":{"start":{"line":52,"column":18},"end":{"line":52,"column":36}},"25":{"start":{"line":53,"column":4},"end":{"line":54,"column":14}},"26":{"start":{"line":54,"column":8},"end":{"line":54,"column":14}},"27":{"start":{"line":55,"column":17},"end":{"line":55,"column":33}},"28":{"start":{"line":57,"column":25},"end":{"line":57,"column":54}},"29":{"start":{"line":58,"column":4},"end":{"line":58,"column":48}},"30":{"start":{"line":58,"column":35},"end":{"line":58,"column":47}},"31":{"start":{"line":62,"column":20},"end":{"line":62,"column":42}},"32":{"start":{"line":63,"column":4},"end":{"line":63,"column":18}},"33":{"start":{"line":64,"column":4},"end":{"line":64,"column":36}}},"fnMap":{"0":{"name":"(anonymous_0)","decl":{"start":{"line":7,"column":4},"end":{"line":7,"column":5}},"loc":{"start":{"line":7,"column":30},"end":{"line":9,"column":5}},"line":7},"1":{"name":"(anonymous_1)","decl":{"start":{"line":11,"column":4},"end":{"line":11,"column":5}},"loc":{"start":{"line":11,"column":10},"end":{"line":16,"column":5}},"line":11},"2":{"name":"cleanup","decl":{"start":{"line":19,"column":9},"end":{"line":19,"column":16}},"loc":{"start":{"line":19,"column":43},"end":{"line":25,"column":1}},"line":19},"3":{"name":"track","decl":{"start":{"line":32,"column":16},"end":{"line":32,"column":21}},"loc":{"start":{"line":32,"column":60},"end":{"line":49,"column":1}},"line":32},"4":{"name":"trigger","decl":{"start":{"line":51,"column":16},"end":{"line":51,"column":23}},"loc":{"start":{"line":51,"column":62},"end":{"line":59,"column":1}},"line":51},"5":{"name":"(anonymous_5)","decl":{"start":{"line":58,"column":25},"end":{"line":58,"column":26}},"loc":{"start":{"line":58,"column":35},"end":{"line":58,"column":47}},"line":58},"6":{"name":"effect","decl":{"start":{"line":61,"column":16},"end":{"line":61,"column":22}},"loc":{"start":{"line":61,"column":37},"end":{"line":65,"column":1}},"line":61}},"branchMap":{"0":{"loc":{"start":{"line":33,"column":4},"end":{"line":34,"column":14}},"type":"if","locations":[{"start":{"line":33,"column":4},"end":{"line":34,"column":14}},{"start":{},"end":{}}],"line":33},"1":{"loc":{"start":{"line":37,"column":4},"end":{"line":40,"column":5}},"type":"if","locations":[{"start":{"line":37,"column":4},"end":{"line":40,"column":5}},{"start":{},"end":{}}],"line":37},"2":{"loc":{"start":{"line":42,"column":4},"end":{"line":45,"column":5}},"type":"if","locations":[{"start":{"line":42,"column":4},"end":{"line":45,"column":5}},{"start":{},"end":{}}],"line":42},"3":{"loc":{"start":{"line":53,"column":4},"end":{"line":54,"column":14}},"type":"if","locations":[{"start":{"line":53,"column":4},"end":{"line":54,"column":14}},{"start":{},"end":{}}],"line":53}},"s":{"0":1,"1":1,"2":1,"3":2,"4":2,"5":2,"6":2,"7":2,"8":2,"9":2,"10":2,"11":1,"12":4,"13":0,"14":4,"15":4,"16":1,"17":1,"18":4,"19":4,"20":2,"21":2,"22":4,"23":4,"24":1,"25":1,"26":0,"27":1,"28":1,"29":1,"30":1,"31":1,"32":1,"33":1},"f":{"0":1,"1":2,"2":2,"3":4,"4":1,"5":1,"6":1},"b":{"0":[0,4],"1":[1,3],"2":[2,2],"3":[0,1]},"_coverageSchema":"1a1c01bbd47fc00a2c39e90264f33305004495a9","hash":"69f1c48ec88c69ac92d95cf284f30a2ebea37623"}
,"C:\\Users\\13496\\Desktop\\build-mini-vue3\\src\\reactivity\\reactive.ts": {"path":"C:\\Users\\13496\\Desktop\\build-mini-vue3\\src\\reactivity\\reactive.ts","statementMap":{"0":{"start":{"line":5,"column":4},"end":{"line":22,"column":6}},"1":{"start":{"line":7,"column":12},"end":{"line":12,"column":13}},"2":{"start":{"line":8,"column":28},"end":{"line":8,"column":62}},"3":{"start":{"line":10,"column":16},"end":{"line":10,"column":34}},"4":{"start":{"line":11,"column":16},"end":{"line":11,"column":26}},"5":{"start":{"line":13,"column":12},"end":{"line":13,"column":28}},"6":{"start":{"line":17,"column":24},"end":{"line":17,"column":68}},"7":{"start":{"line":19,"column":12},"end":{"line":19,"column":31}},"8":{"start":{"line":20,"column":12},"end":{"line":20,"column":22}}},"fnMap":{"0":{"name":"reactive","decl":{"start":{"line":3,"column":16},"end":{"line":3,"column":24}},"loc":{"start":{"line":3,"column":70},"end":{"line":23,"column":1}},"line":3},"1":{"name":"(anonymous_1)","decl":{"start":{"line":6,"column":8},"end":{"line":6,"column":9}},"loc":{"start":{"line":6,"column":64},"end":{"line":15,"column":9}},"line":6},"2":{"name":"(anonymous_2)","decl":{"start":{"line":16,"column":8},"end":{"line":16,"column":9}},"loc":{"start":{"line":16,"column":89},"end":{"line":21,"column":9}},"line":16}},"branchMap":{"0":{"loc":{"start":{"line":7,"column":12},"end":{"line":12,"column":13}},"type":"if","locations":[{"start":{"line":7,"column":12},"end":{"line":12,"column":13}},{"start":{},"end":{}}],"line":7}},"s":{"0":1,"1":4,"2":4,"3":4,"4":4,"5":0,"6":1,"7":1,"8":1},"f":{"0":1,"1":4,"2":1},"b":{"0":[4,0]},"_coverageSchema":"1a1c01bbd47fc00a2c39e90264f33305004495a9","hash":"13c83b76624603aa75b47a3725b85d3e3471de96"}
}
